
=== Sun Aug 14 11:52:31 2022

Packages were changed.
Update Mode: mergeDefaultDependencies

The following packages were added:
  com.unity.collab-proxy@1.14.18
  com.unity.ide.visualstudio@2.0.15
  com.unity.modules.ai@1.0.0
  com.unity.modules.cloth@1.0.0
  com.unity.modules.director@1.0.0
  com.unity.modules.physics2d@1.0.0
  com.unity.modules.terrain@1.0.0
  com.unity.modules.terrainphysics@1.0.0
  com.unity.modules.tilemap@1.0.0
  com.unity.modules.vehicles@1.0.0
  com.unity.modules.vr@1.0.0
  com.unity.modules.wind@1.0.0
  com.unity.modules.xr@1.0.0
  com.unity.timeline@1.2.18
The following packages were updated:
  com.unity.ide.rider from version 1.1.4 to 1.2.1
  com.unity.ide.vscode from version 1.2.3 to 1.2.5
  com.unity.mobile.android-logcat from version 1.2.0 to 1.3.2
  com.unity.mobile.notifications from version 1.0.3 to 2.0.2
  com.unity.test-framework from version 1.1.20 to 1.1.31
  com.unity.textmeshpro from version 2.1.3 to 2.1.6

=== Sun Aug 28 17:50:48 2022

Packages were changed.
Update Mode: updateDependencies

The following packages were updated:
  com.unity.collab-proxy from version 1.14.18 to 1.17.1
  com.unity.ide.rider from version 1.2.1 to 3.0.15
  com.unity.ide.visualstudio from version 2.0.15 to 2.0.16
  com.unity.textmeshpro from version 2.1.6 to 3.0.6
  com.unity.timeline from version 1.2.18 to 1.6.4
